action: GLOB, msg: packaging
cwd: C:\dev\raytracing-one-weekend
cmd: 'c:\users\andy\anaconda3\envs\py39\python.exe' setup.py sdist --formats=zip --dist-dir '.tox\dist'
running sdist
running egg_info
writing src\raytracing_one_weekend.egg-info\PKG-INFO
writing dependency_links to src\raytracing_one_weekend.egg-info\dependency_links.txt
writing top-level names to src\raytracing_one_weekend.egg-info\top_level.txt
reading manifest file 'src\raytracing_one_weekend.egg-info\SOURCES.txt'
writing manifest file 'src\raytracing_one_weekend.egg-info\SOURCES.txt'
running check
creating raytracing-one-weekend-0.0.0
creating raytracing-one-weekend-0.0.0\src
creating raytracing-one-weekend-0.0.0\src\raytracing_one_weekend
creating raytracing-one-weekend-0.0.0\src\raytracing_one_weekend.egg-info
copying files to raytracing-one-weekend-0.0.0...
copying README.md -> raytracing-one-weekend-0.0.0
copying setup.py -> raytracing-one-weekend-0.0.0
copying src\raytracing_one_weekend\__init__.py -> raytracing-one-weekend-0.0.0\src\raytracing_one_weekend
copying src\raytracing_one_weekend\main.py -> raytracing-one-weekend-0.0.0\src\raytracing_one_weekend
copying src\raytracing_one_weekend\vec3.py -> raytracing-one-weekend-0.0.0\src\raytracing_one_weekend
copying src\raytracing_one_weekend.egg-info\PKG-INFO -> raytracing-one-weekend-0.0.0\src\raytracing_one_weekend.egg-info
copying src\raytracing_one_weekend.egg-info\SOURCES.txt -> raytracing-one-weekend-0.0.0\src\raytracing_one_weekend.egg-info
copying src\raytracing_one_weekend.egg-info\dependency_links.txt -> raytracing-one-weekend-0.0.0\src\raytracing_one_weekend.egg-info
copying src\raytracing_one_weekend.egg-info\top_level.txt -> raytracing-one-weekend-0.0.0\src\raytracing_one_weekend.egg-info
Writing raytracing-one-weekend-0.0.0\setup.cfg
creating '.tox\dist\raytracing-one-weekend-0.0.0.zip' and adding 'raytracing-one-weekend-0.0.0' to it
adding 'raytracing-one-weekend-0.0.0'
adding 'raytracing-one-weekend-0.0.0\src'
adding 'raytracing-one-weekend-0.0.0\PKG-INFO'
adding 'raytracing-one-weekend-0.0.0\README.md'
adding 'raytracing-one-weekend-0.0.0\setup.cfg'
adding 'raytracing-one-weekend-0.0.0\setup.py'
adding 'raytracing-one-weekend-0.0.0\src\raytracing_one_weekend'
adding 'raytracing-one-weekend-0.0.0\src\raytracing_one_weekend.egg-info'
adding 'raytracing-one-weekend-0.0.0\src\raytracing_one_weekend\main.py'
adding 'raytracing-one-weekend-0.0.0\src\raytracing_one_weekend\vec3.py'
adding 'raytracing-one-weekend-0.0.0\src\raytracing_one_weekend\__init__.py'
adding 'raytracing-one-weekend-0.0.0\src\raytracing_one_weekend.egg-info\dependency_links.txt'
adding 'raytracing-one-weekend-0.0.0\src\raytracing_one_weekend.egg-info\PKG-INFO'
adding 'raytracing-one-weekend-0.0.0\src\raytracing_one_weekend.egg-info\SOURCES.txt'
adding 'raytracing-one-weekend-0.0.0\src\raytracing_one_weekend.egg-info\top_level.txt'
removing 'raytracing-one-weekend-0.0.0' (and everything under it)
